<?xml version="1.0" encoding="UTF-8"?>
<coverage generated="1680994672894" clover="3.2.0">
  <project timestamp="1680994672894" name="All files">
    <metrics statements="19" coveredstatements="19" conditionals="9" coveredconditionals="9" methods="1" coveredmethods="1" elements="29" coveredelements="29" complexity="0" loc="19" ncloc="19" packages="1" files="1" classes="1"/>
    <file name="chispum.js" path="C:\Users\samue\OneDrive\Desktop\JS U\proyect-js\chispum.js">
      <metrics statements="19" coveredstatements="19" conditionals="9" coveredconditionals="9" methods="1" coveredmethods="1"/>
      <line num="1" count="2" type="cond" truecount="1" falsecount="0"/>
      <line num="2" count="2" type="stmt"/>
      <line num="3" count="2" type="stmt"/>
      <line num="4" count="2" type="cond" truecount="1" falsecount="0"/>
      <line num="5" count="30" type="cond" truecount="2" falsecount="0"/>
      <line num="6" count="2" type="stmt"/>
      <line num="7" count="30" type="cond" truecount="2" falsecount="0"/>
      <line num="8" count="8" type="stmt"/>
      <line num="9" count="28" type="cond" truecount="2" falsecount="0"/>
      <line num="10" count="4" type="stmt"/>
      <line num="11" count="20" type="cond" truecount="1" falsecount="0"/>
      <line num="12" count="16" type="stmt"/>
      <line num="13" count="16" type="stmt"/>
      <line num="14" count="30" type="stmt"/>
      <line num="15" count="2" type="stmt"/>
      <line num="16" count="2" type="stmt"/>
      <line num="17" count="2" type="stmt"/>
      <line num="18" count="1" type="stmt"/>
      <line num="19" count="1" type="stmt"/>
    </file>
  </project>
</coverage>
