{"C:\\Users\\samue\\OneDrive\\Desktop\\JS U\\proyect-js\\chispum.js": {"path":"C:\\Users\\samue\\OneDrive\\Desktop\\JS U\\proyect-js\\chispum.js","all":false,"statementMap":{"0":{"start":{"line":1,"column":0},"end":{"line":1,"column":30}},"1":{"start":{"line":2,"column":0},"end":{"line":2,"column":0}},"2":{"start":{"line":3,"column":0},"end":{"line":3,"column":23}},"3":{"start":{"line":4,"column":0},"end":{"line":4,"column":36}},"4":{"start":{"line":5,"column":0},"end":{"line":5,"column":49}},"5":{"start":{"line":6,"column":0},"end":{"line":6,"column":38}},"6":{"start":{"line":7,"column":0},"end":{"line":7,"column":38}},"7":{"start":{"line":8,"column":0},"end":{"line":8,"column":35}},"8":{"start":{"line":9,"column":0},"end":{"line":9,"column":38}},"9":{"start":{"line":10,"column":0},"end":{"line":10,"column":34}},"10":{"start":{"line":11,"column":0},"end":{"line":11,"column":18}},"11":{"start":{"line":12,"column":0},"end":{"line":12,"column":30}},"12":{"start":{"line":13,"column":0},"end":{"line":13,"column":11}},"13":{"start":{"line":14,"column":0},"end":{"line":14,"column":6}},"14":{"start":{"line":15,"column":0},"end":{"line":15,"column":28}},"15":{"start":{"line":16,"column":0},"end":{"line":16,"column":19}},"16":{"start":{"line":17,"column":0},"end":{"line":17,"column":1}},"17":{"start":{"line":18,"column":0},"end":{"line":18,"column":17}},"18":{"start":{"line":19,"column":0},"end":{"line":19,"column":25}}},"s":{"0":2,"1":2,"2":2,"3":2,"4":30,"5":2,"6":30,"7":8,"8":28,"9":4,"10":20,"11":16,"12":16,"13":30,"14":2,"15":2,"16":2,"17":1,"18":1},"branchMap":{"0":{"type":"branch","line":1,"loc":{"start":{"line":1,"column":0},"end":{"line":17,"column":1}},"locations":[{"start":{"line":1,"column":0},"end":{"line":17,"column":1}}]},"1":{"type":"branch","line":4,"loc":{"start":{"line":4,"column":35},"end":{"line":14,"column":6}},"locations":[{"start":{"line":4,"column":35},"end":{"line":14,"column":6}}]},"2":{"type":"branch","line":5,"loc":{"start":{"line":5,"column":28},"end":{"line":5,"column":46}},"locations":[{"start":{"line":5,"column":28},"end":{"line":5,"column":46}}]},"3":{"type":"branch","line":5,"loc":{"start":{"line":5,"column":48},"end":{"line":7,"column":11}},"locations":[{"start":{"line":5,"column":48},"end":{"line":7,"column":11}}]},"4":{"type":"branch","line":7,"loc":{"start":{"line":7,"column":11},"end":{"line":13,"column":11}},"locations":[{"start":{"line":7,"column":11},"end":{"line":13,"column":11}}]},"5":{"type":"branch","line":7,"loc":{"start":{"line":7,"column":37},"end":{"line":9,"column":11}},"locations":[{"start":{"line":7,"column":37},"end":{"line":9,"column":11}}]},"6":{"type":"branch","line":9,"loc":{"start":{"line":9,"column":11},"end":{"line":13,"column":11}},"locations":[{"start":{"line":9,"column":11},"end":{"line":13,"column":11}}]},"7":{"type":"branch","line":9,"loc":{"start":{"line":9,"column":37},"end":{"line":11,"column":11}},"locations":[{"start":{"line":9,"column":37},"end":{"line":11,"column":11}}]},"8":{"type":"branch","line":11,"loc":{"start":{"line":11,"column":11},"end":{"line":13,"column":11}},"locations":[{"start":{"line":11,"column":11},"end":{"line":13,"column":11}}]}},"b":{"0":[2],"1":[30],"2":[10],"3":[2],"4":[28],"5":[8],"6":[20],"7":[4],"8":[16]},"fnMap":{"0":{"name":"chispum","decl":{"start":{"line":1,"column":0},"end":{"line":17,"column":1}},"loc":{"start":{"line":1,"column":0},"end":{"line":17,"column":1}},"line":1}},"f":{"0":2}}
}
