<?xml version="1.0" encoding="UTF-8"?>
<coverage generated="1680986554358" clover="3.2.0">
  <project timestamp="1680986554358" name="All files">
    <metrics statements="15" coveredstatements="4" conditionals="2" coveredconditionals="1" methods="1" coveredmethods="1" elements="18" coveredelements="6" complexity="0" loc="15" ncloc="15" packages="1" files="1" classes="1"/>
    <file name="chispum.js" path="C:\Users\samue\OneDrive\Desktop\JS U\proyecto-js 1.1\chispum.js">
      <metrics statements="15" coveredstatements="4" conditionals="2" coveredconditionals="1" methods="1" coveredmethods="1"/>
      <line num="1" count="1" type="cond" truecount="1" falsecount="0"/>
      <line num="2" count="1" type="cond" truecount="0" falsecount="1"/>
      <line num="3" count="0" type="stmt"/>
      <line num="4" count="0" type="stmt"/>
      <line num="5" count="0" type="stmt"/>
      <line num="6" count="0" type="stmt"/>
      <line num="7" count="0" type="stmt"/>
      <line num="8" count="0" type="stmt"/>
      <line num="9" count="0" type="stmt"/>
      <line num="10" count="0" type="stmt"/>
      <line num="11" count="0" type="stmt"/>
      <line num="12" count="0" type="stmt"/>
      <line num="13" count="0" type="stmt"/>
      <line num="14" count="1" type="stmt"/>
      <line num="15" count="1" type="stmt"/>
    </file>
  </project>
</coverage>
